2024-03-20 09:37:17,494 - main - INFO - Arguments: ['--winstep', '0.01', '--numcep', '13', '--nfilt', '26', '--nfft', '512', '--ceplifter', '22', '--no-concat', '--no-dynamic', '--label_file_path', './label_file.csv', '--test_size', '0.2', '--random_state', '42', '--fs', '1330', '--forward', '0.5', '--backward', '0.7']
2024-03-20 09:37:17,495 - main - INFO - forward_param_test: [0.1        0.14545455 0.19090909 0.23636364 0.28181818 0.32727273
 0.37272727 0.41818182 0.46363636 0.50909091 0.55454545 0.6       ]
2024-03-20 09:37:17,495 - main - DEBUG - random_numbers:[49, 43, 30]
2024-03-20 09:37:27,516 - main - DEBUG - Test acc: 0.9571
2024-03-20 09:37:27,516 - main - DEBUG - Time: 0.0033
2024-03-20 09:37:37,537 - main - DEBUG - Test acc: 0.9714
2024-03-20 09:37:37,547 - main - DEBUG - Time: 0.0035
2024-03-20 09:37:47,604 - main - DEBUG - Test acc: 0.9571
2024-03-20 09:37:47,604 - main - DEBUG - Time: 0.0035
2024-03-20 09:37:58,000 - main - DEBUG - Test acc: 0.9429
2024-03-20 09:37:58,000 - main - DEBUG - Time: 0.0035
2024-03-20 09:38:08,327 - main - DEBUG - Test acc: 0.9571
2024-03-20 09:38:08,327 - main - DEBUG - Time: 0.0036
2024-03-20 09:38:18,704 - main - DEBUG - Test acc: 0.9571
2024-03-20 09:38:18,704 - main - DEBUG - Time: 0.0038
2024-03-20 09:38:29,390 - main - DEBUG - Test acc: 0.9571
2024-03-20 09:38:29,390 - main - DEBUG - Time: 0.0039
2024-03-20 09:38:40,002 - main - DEBUG - Test acc: 0.9571
2024-03-20 09:38:40,003 - main - DEBUG - Time: 0.0040
2024-03-20 09:38:50,708 - main - DEBUG - Test acc: 0.9714
2024-03-20 09:38:50,708 - main - DEBUG - Time: 0.0040
2024-03-20 09:39:01,568 - main - DEBUG - Test acc: 0.9571
2024-03-20 09:39:01,568 - main - DEBUG - Time: 0.0041
2024-03-20 09:39:12,445 - main - DEBUG - Test acc: 0.9571
2024-03-20 09:39:12,445 - main - DEBUG - Time: 0.0042
2024-03-20 09:39:23,519 - main - DEBUG - Test acc: 0.9714
2024-03-20 09:39:23,519 - main - DEBUG - Time: 0.0043
2024-03-20 09:39:23,521 - main - INFO - accuracies: [0.9857, 0.9905, 0.981, 0.9762, 0.9857, 0.981, 0.9762, 0.9857, 0.9905, 0.9714, 0.9857, 0.9905]
2024-03-20 09:46:00,498 - main - INFO - Arguments: ['--winstep', '0.01', '--numcep', '13', '--nfilt', '26', '--nfft', '512', '--ceplifter', '22', '--no-concat', '--no-dynamic', '--label_file_path', './label_file.csv', '--test_size', '0.2', '--random_state', '42', '--fs', '1330', '--forward', '0.5', '--backward', '0.6']
2024-03-20 09:46:00,499 - main - INFO - forward_param_test: [0.1        0.14545455 0.19090909 0.23636364 0.28181818 0.32727273
 0.37272727 0.41818182 0.46363636 0.50909091 0.55454545 0.6       ]
2024-03-20 09:46:00,499 - main - DEBUG - random_numbers:[49, 43, 30]
2024-03-20 09:46:10,661 - main - DEBUG - Test acc: 0.9429
2024-03-20 09:46:10,662 - main - DEBUG - Time: 0.0034
2024-03-20 09:46:20,913 - main - DEBUG - Test acc: 0.9857
2024-03-20 09:46:20,913 - main - DEBUG - Time: 0.0035
2024-03-20 09:46:31,264 - main - DEBUG - Test acc: 0.9571
2024-03-20 09:46:31,264 - main - DEBUG - Time: 0.0035
2024-03-20 09:46:41,751 - main - DEBUG - Test acc: 0.9286
2024-03-20 09:46:41,751 - main - DEBUG - Time: 0.0035
2024-03-20 09:46:52,242 - main - DEBUG - Test acc: 0.9286
2024-03-20 09:46:52,242 - main - DEBUG - Time: 0.0036
2024-03-20 09:47:02,860 - main - DEBUG - Test acc: 0.9571
2024-03-20 09:47:02,860 - main - DEBUG - Time: 0.0036
2024-03-20 09:47:13,618 - main - DEBUG - Test acc: 0.9429
2024-03-20 09:47:13,618 - main - DEBUG - Time: 0.0037
2024-03-20 09:47:24,326 - main - DEBUG - Test acc: 0.9429
2024-03-20 09:47:24,327 - main - DEBUG - Time: 0.0037
2024-03-20 09:47:34,787 - main - DEBUG - Test acc: 0.9571
2024-03-20 09:47:34,787 - main - DEBUG - Time: 0.0038
2024-03-20 09:47:45,307 - main - DEBUG - Test acc: 0.9429
2024-03-20 09:47:45,307 - main - DEBUG - Time: 0.0039
2024-03-20 09:47:55,921 - main - DEBUG - Test acc: 0.9571
2024-03-20 09:47:55,921 - main - DEBUG - Time: 0.0040
2024-03-20 09:48:06,722 - main - DEBUG - Test acc: 0.9714
2024-03-20 09:48:06,722 - main - DEBUG - Time: 0.0040
2024-03-20 09:48:06,725 - main - INFO - accuracies: [0.9714, 0.9762, 0.9762, 0.9476, 0.9714, 0.9762, 0.9619, 0.9714, 0.9762, 0.9571, 0.981, 0.9762]
2024-03-20 09:52:10,556 - main - INFO - Arguments: ['--winstep', '0.01', '--numcep', '13', '--nfilt', '26', '--nfft', '512', '--ceplifter', '22', '--no-concat', '--no-dynamic', '--label_file_path', './label_file.csv', '--test_size', '0.2', '--random_state', '42', '--fs', '1330', '--forward', '0.45', '--backward', '0.7']
2024-03-20 09:52:10,557 - main - INFO - numcep_param_test: [2, 4, 6, 8, 10, 12, 14, 16]
2024-03-20 09:52:10,557 - main - DEBUG - random_numbers:[49, 43, 30]
2024-03-20 09:52:21,097 - main - DEBUG - Test acc: 0.9000
2024-03-20 09:52:21,097 - main - DEBUG - Time: 0.0039
2024-03-20 09:52:31,490 - main - DEBUG - Test acc: 0.9714
2024-03-20 09:52:31,490 - main - DEBUG - Time: 0.0038
2024-03-20 09:52:41,892 - main - DEBUG - Test acc: 0.9714
2024-03-20 09:52:41,892 - main - DEBUG - Time: 0.0039
2024-03-20 09:52:52,489 - main - DEBUG - Test acc: 0.9571
2024-03-20 09:52:52,489 - main - DEBUG - Time: 0.0040
2024-03-20 09:53:03,129 - main - DEBUG - Test acc: 0.9571
2024-03-20 09:53:03,130 - main - DEBUG - Time: 0.0039
2024-03-20 09:53:13,746 - main - DEBUG - Test acc: 0.9571
2024-03-20 09:53:13,746 - main - DEBUG - Time: 0.0040
2024-03-20 09:53:24,419 - main - DEBUG - Test acc: 0.9714
2024-03-20 09:53:24,419 - main - DEBUG - Time: 0.0040
2024-03-20 09:53:35,172 - main - DEBUG - Test acc: 0.9714
2024-03-20 09:53:35,172 - main - DEBUG - Time: 0.0040
2024-03-20 09:53:35,175 - main - INFO - accuracies: [0.9095, 0.9857, 0.9905, 0.9857, 0.9857, 0.981, 0.9905, 0.9905]
2024-03-20 09:55:25,123 - main - INFO - Arguments: ['--winstep', '0.01', '--numcep', '6', '--nfilt', '26', '--nfft', '512', '--ceplifter', '22', '--no-concat', '--no-dynamic', '--label_file_path', './label_file.csv', '--test_size', '0.2', '--random_state', '42', '--fs', '1330', '--forward', '0.45', '--backward', '0.7']
2024-03-20 09:55:25,123 - main - INFO - backward2_param_test: [0.6, 0.7, 0.73, 0.76, 0.8, 0.9]
2024-03-20 09:55:25,124 - main - DEBUG - random_numbers:[49, 43, 30]
2024-03-20 09:55:35,680 - main - DEBUG - Test acc: 0.9714
2024-03-20 09:55:35,680 - main - DEBUG - Time: 0.0040
2024-03-20 09:55:46,095 - main - DEBUG - Test acc: 0.9714
2024-03-20 09:55:46,095 - main - DEBUG - Time: 0.0039
2024-03-20 09:55:56,492 - main - DEBUG - Test acc: 0.9714
2024-03-20 09:55:56,492 - main - DEBUG - Time: 0.0038
2024-03-20 09:56:07,117 - main - DEBUG - Test acc: 0.9714
2024-03-20 09:56:07,117 - main - DEBUG - Time: 0.0039
2024-03-20 09:56:17,579 - main - DEBUG - Test acc: 0.9714
2024-03-20 09:56:17,579 - main - DEBUG - Time: 0.0040
2024-03-20 09:56:27,963 - main - DEBUG - Test acc: 0.9714
2024-03-20 09:56:27,963 - main - DEBUG - Time: 0.0039
2024-03-20 09:56:27,965 - main - INFO - accuracies: [0.9905, 0.9905, 0.9905, 0.9905, 0.9905, 0.9905]
2024-03-20 09:57:27,772 - main - INFO - Arguments: ['--winstep', '0.01', '--numcep', '13', '--nfilt', '26', '--nfft', '512', '--ceplifter', '22', '--no-concat', '--no-dynamic', '--label_file_path', './label_file.csv', '--test_size', '0.2', '--random_state', '42', '--fs', '1330', '--forward', '0.45', '--backward', '0.7']
2024-03-20 09:57:27,772 - main - INFO - backward_numcep13_param_test: [0.6, 0.7, 0.73, 0.76, 0.8, 0.9]
2024-03-20 09:57:27,773 - main - DEBUG - random_numbers:[49, 43, 30]
2024-03-20 09:57:38,477 - main - DEBUG - Test acc: 0.9714
2024-03-20 09:57:38,478 - main - DEBUG - Time: 0.0040
2024-03-20 09:57:49,124 - main - DEBUG - Test acc: 0.9714
2024-03-20 09:57:49,124 - main - DEBUG - Time: 0.0040
2024-03-20 09:57:59,773 - main - DEBUG - Test acc: 0.9714
2024-03-20 09:57:59,773 - main - DEBUG - Time: 0.0038
2024-03-20 09:58:10,459 - main - DEBUG - Test acc: 0.9714
2024-03-20 09:58:10,459 - main - DEBUG - Time: 0.0040
2024-03-20 09:58:21,185 - main - DEBUG - Test acc: 0.9714
2024-03-20 09:58:21,185 - main - DEBUG - Time: 0.0040
2024-03-20 09:58:31,785 - main - DEBUG - Test acc: 0.9714
2024-03-20 09:58:31,785 - main - DEBUG - Time: 0.0039
2024-03-20 09:58:31,788 - main - INFO - accuracies: [0.9857, 0.9857, 0.9857, 0.9857, 0.9857, 0.9857]
2024-03-20 10:00:46,457 - main - INFO - Arguments: ['--winstep', '0.01', '--numcep', '6', '--nfilt', '26', '--nfft', '512', '--ceplifter', '22', '--no-concat', '--no-dynamic', '--label_file_path', './label_file.csv', '--test_size', '0.2', '--random_state', '42', '--fs', '1330', '--forward', '0.45', '--backward', '0.7']
2024-03-20 10:00:46,457 - main - INFO - backward_param_test_numcep6: [0.6, 0.7, 0.73, 0.76, 0.8, 0.9]
2024-03-20 10:00:46,457 - main - DEBUG - random_numbers:[49, 43, 30]
2024-03-20 10:00:56,987 - main - DEBUG - Test acc: 0.9714
2024-03-20 10:00:56,987 - main - DEBUG - Time: 0.0037
2024-03-20 10:01:07,628 - main - DEBUG - Test acc: 0.9714
2024-03-20 10:01:07,629 - main - DEBUG - Time: 0.0039
2024-03-20 10:01:18,211 - main - DEBUG - Test acc: 0.9714
2024-03-20 10:01:18,211 - main - DEBUG - Time: 0.0039
2024-03-20 10:01:29,100 - main - DEBUG - Test acc: 0.9714
2024-03-20 10:01:29,100 - main - DEBUG - Time: 0.0039
2024-03-20 10:01:39,874 - main - DEBUG - Test acc: 0.9714
2024-03-20 10:01:39,874 - main - DEBUG - Time: 0.0041
2024-03-20 10:01:50,625 - main - DEBUG - Test acc: 0.9571
2024-03-20 10:01:50,625 - main - DEBUG - Time: 0.0042
2024-03-20 10:01:50,627 - main - INFO - accuracies: [0.9762, 0.9905, 0.9905, 0.9905, 0.9905, 0.9857]
2024-03-20 10:02:44,998 - main - INFO - Arguments: ['--winstep', '0.01', '--numcep', '13', '--nfilt', '26', '--nfft', '512', '--ceplifter', '22', '--no-concat', '--no-dynamic', '--label_file_path', './label_file.csv', '--test_size', '0.2', '--random_state', '42', '--fs', '1330', '--forward', '0.45', '--backward', '0.7']
2024-03-20 10:02:44,998 - main - INFO - backward_param_test_numcep13: [0.6, 0.7, 0.73, 0.76, 0.8, 0.9]
2024-03-20 10:02:44,998 - main - DEBUG - random_numbers:[49, 43, 30]
2024-03-20 10:02:55,532 - main - DEBUG - Test acc: 0.9571
2024-03-20 10:02:55,532 - main - DEBUG - Time: 0.0038
2024-03-20 10:03:06,300 - main - DEBUG - Test acc: 0.9714
2024-03-20 10:03:06,301 - main - DEBUG - Time: 0.0040
2024-03-20 10:03:17,097 - main - DEBUG - Test acc: 0.9714
2024-03-20 10:03:17,097 - main - DEBUG - Time: 0.0040
2024-03-20 10:03:28,009 - main - DEBUG - Test acc: 0.9714
2024-03-20 10:03:28,009 - main - DEBUG - Time: 0.0041
2024-03-20 10:03:38,886 - main - DEBUG - Test acc: 0.9714
2024-03-20 10:03:38,886 - main - DEBUG - Time: 0.0042
2024-03-20 10:03:50,072 - main - DEBUG - Test acc: 0.9571
2024-03-20 10:03:50,072 - main - DEBUG - Time: 0.0044
2024-03-20 10:03:50,076 - main - INFO - accuracies: [0.9667, 0.9857, 0.9857, 0.9905, 0.9857, 0.981]
2024-03-20 10:05:27,534 - main - INFO - Arguments: ['--winstep', '0.01', '--numcep', '13', '--nfilt', '26', '--nfft', '512', '--ceplifter', '22', '--no-concat', '--no-dynamic', '--label_file_path', './label_file.csv', '--test_size', '0.2', '--random_state', '42', '--fs', '1330', '--forward', '0.5', '--backward', '0.7']
2024-03-20 10:05:27,534 - main - INFO - backward_param_test_numcep13: [0.6, 0.7, 0.73, 0.76, 0.8, 0.9]
2024-03-20 10:05:27,534 - main - DEBUG - random_numbers:[49, 43, 30]
2024-03-20 10:05:38,128 - main - DEBUG - Test acc: 0.9286
2024-03-20 10:05:38,128 - main - DEBUG - Time: 0.0039
2024-03-20 10:05:48,942 - main - DEBUG - Test acc: 0.9429
2024-03-20 10:05:48,942 - main - DEBUG - Time: 0.0040
2024-03-20 10:05:59,913 - main - DEBUG - Test acc: 0.9571
2024-03-20 10:05:59,913 - main - DEBUG - Time: 0.0041
2024-03-20 10:06:11,077 - main - DEBUG - Test acc: 0.9571
2024-03-20 10:06:11,077 - main - DEBUG - Time: 0.0041
2024-03-20 10:06:22,138 - main - DEBUG - Test acc: 0.9571
2024-03-20 10:06:22,138 - main - DEBUG - Time: 0.0042
2024-03-20 10:06:33,469 - main - DEBUG - Test acc: 0.9857
2024-03-20 10:06:33,469 - main - DEBUG - Time: 0.0043
2024-03-20 10:06:33,472 - main - INFO - accuracies: [0.9571, 0.9714, 0.981, 0.981, 0.981, 0.9952]
2024-03-20 10:11:23,759 - main - INFO - Arguments: ['--winstep', '0.01', '--numcep', '6', '--nfilt', '26', '--nfft', '512', '--ceplifter', '22', '--no-concat', '--no-dynamic', '--label_file_path', './label_file.csv', '--test_size', '0.2', '--random_state', '42', '--fs', '1330', '--forward', '0.5', '--backward', '0.7']
2024-03-20 10:11:23,760 - main - INFO - backward_param_test_numcep13: [0.6, 0.7, 0.73, 0.76, 0.8, 0.9]
2024-03-20 10:11:23,760 - main - DEBUG - random_numbers:[49, 43, 30]
2024-03-20 10:11:34,189 - main - DEBUG - Test acc: 0.9571
2024-03-20 10:11:34,189 - main - DEBUG - Time: 0.0039
2024-03-20 10:13:29,974 - main - INFO - Arguments: ['--winstep', '0.01', '--numcep', '6', '--nfilt', '26', '--nfft', '512', '--ceplifter', '22', '--no-concat', '--no-dynamic', '--label_file_path', './label_file.csv', '--test_size', '0.2', '--random_state', '42', '--fs', '1330', '--forward', '0.5', '--backward', '0.7']
2024-03-20 10:13:29,974 - main - INFO - backward_param_test_numcep13: [0.6, 0.7, 0.73, 0.76, 0.8, 0.9]
2024-03-20 10:13:29,975 - main - DEBUG - random_numbers:[49, 43, 30]
2024-03-20 10:13:40,406 - main - DEBUG - Test acc: 0.9571
2024-03-20 10:13:40,406 - main - DEBUG - Time: 0.0038
2024-03-20 10:14:06,271 - main - DEBUG - Arguments: ['--winstep', '0.01', '--numcep', '6', '--nfilt', '26', '--nfft', '512', '--ceplifter', '22', '--no-concat', '--no-dynamic', '--label_file_path', './label_file.csv', '--test_size', '0.2', '--random_state', '42', '--fs', '1330', '--forward', '0.5', '--backward', '0.7']
2024-03-20 10:14:06,271 - main - INFO - backward_param_test_numcep13: [0.6, 0.7, 0.73, 0.76, 0.8, 0.9]
2024-03-20 10:14:06,271 - main - DEBUG - random_numbers:[49, 43, 30]
2024-03-20 10:14:59,771 - main - DEBUG - Arguments: ['--winstep', '0.01', '--numcep', '6', '--nfilt', '26', '--nfft', '512', '--ceplifter', '22', '--no-concat', '--no-dynamic', '--label_file_path', './label_file.csv', '--test_size', '0.2', '--random_state', '42', '--fs', '1330', '--forward', '0.5', '--backward', '0.7']
2024-03-20 10:14:59,771 - main - INFO - backward_param_test_numcep13: [0.6, 0.7, 0.73, 0.76, 0.8, 0.9]
2024-03-20 10:14:59,771 - main - DEBUG - random_numbers:[49, 43, 30]
2024-03-20 10:15:10,393 - main - DEBUG - Test acc: 0.9571
2024-03-20 10:15:10,393 - main - DEBUG - Time: 0.0039
2024-03-20 10:15:20,943 - main - DEBUG - Test acc: 0.9429
2024-03-20 10:15:20,943 - main - DEBUG - Time: 0.0040
2024-03-20 10:15:31,612 - main - DEBUG - Test acc: 0.9714
2024-03-20 10:15:31,612 - main - DEBUG - Time: 0.0040
2024-03-20 10:15:42,312 - main - DEBUG - Test acc: 0.9714
2024-03-20 10:15:42,313 - main - DEBUG - Time: 0.0040
2024-03-20 10:15:53,112 - main - DEBUG - Test acc: 0.9714
2024-03-20 10:15:53,112 - main - DEBUG - Time: 0.0042
2024-03-20 10:16:03,968 - main - DEBUG - Test acc: 0.9714
2024-03-20 10:16:03,968 - main - DEBUG - Time: 0.0042
2024-03-20 10:16:03,970 - main - INFO - accuracies: [0.9762, 0.9762, 0.9905, 0.9905, 0.9905, 0.9905]
2024-03-20 10:17:08,442 - main - DEBUG - Arguments: ['--winstep', '0.01', '--numcep', '6', '--nfilt', '26', '--nfft', '512', '--ceplifter', '22', '--no-concat', '--no-dynamic', '--label_file_path', './label_file.csv', '--test_size', '0.2', '--random_state', '42', '--fs', '1330', '--forward', '0.5', '--backward', '0.7']
2024-03-20 10:17:08,442 - main - INFO - backward_param_test_numcep6: [0.6, 0.7, 0.73, 0.76, 0.8, 0.9]
2024-03-20 10:17:08,442 - main - DEBUG - random_numbers:[49, 43, 30]
2024-03-20 10:17:19,044 - main - DEBUG - Test acc: 0.9571
2024-03-20 10:17:19,044 - main - DEBUG - Time: 0.0037
2024-03-20 10:17:30,042 - main - DEBUG - Test acc: 0.9429
2024-03-20 10:17:30,042 - main - DEBUG - Time: 0.0039
2024-03-20 10:17:40,951 - main - DEBUG - Test acc: 0.9714
2024-03-20 10:17:40,951 - main - DEBUG - Time: 0.0041
2024-03-20 10:17:51,623 - main - DEBUG - Test acc: 0.9714
2024-03-20 10:17:51,623 - main - DEBUG - Time: 0.0040
2024-03-20 10:18:02,366 - main - DEBUG - Test acc: 0.9714
2024-03-20 10:18:02,366 - main - DEBUG - Time: 0.0042
2024-03-20 10:18:13,204 - main - DEBUG - Test acc: 0.9714
2024-03-20 10:18:13,204 - main - DEBUG - Time: 0.0042
2024-03-20 10:18:13,206 - main - INFO - accuracies: [0.9762, 0.9762, 0.9905, 0.9905, 0.9905, 0.9905]
2024-03-20 10:23:36,260 - main - DEBUG - Arguments: ['--winstep', '0.01', '--numcep', '6', '--nfilt', '26', '--nfft', '512', '--ceplifter', '22', '--no-concat', '--no-dynamic', '--label_file_path', './label_file.csv', '--test_size', '0.2', '--random_state', '42', '--fs', '1330', '--forward', '0.45', '--backward', '0.75']
2024-03-20 10:23:36,261 - main - INFO - numcep_param_test: [2, 4, 6, 8, 10, 12, 14, 16]
2024-03-20 10:23:36,261 - main - DEBUG - random_numbers:[49, 43, 30]
2024-03-20 10:23:47,040 - main - DEBUG - Test acc: 0.9000
2024-03-20 10:23:47,040 - main - DEBUG - Time: 0.0040
2024-03-20 10:23:57,573 - main - DEBUG - Test acc: 0.9857
2024-03-20 10:23:57,573 - main - DEBUG - Time: 0.0041
2024-03-20 10:24:08,313 - main - DEBUG - Test acc: 0.9714
2024-03-20 10:24:08,313 - main - DEBUG - Time: 0.0039
2024-03-20 10:24:19,007 - main - DEBUG - Test acc: 0.9714
2024-03-20 10:24:19,007 - main - DEBUG - Time: 0.0039
2024-03-20 10:24:29,935 - main - DEBUG - Test acc: 0.9714
2024-03-20 10:24:29,935 - main - DEBUG - Time: 0.0041
2024-03-20 10:24:40,663 - main - DEBUG - Test acc: 0.9714
2024-03-20 10:24:40,663 - main - DEBUG - Time: 0.0041
2024-03-20 10:24:51,496 - main - DEBUG - Test acc: 0.9714
2024-03-20 10:24:51,496 - main - DEBUG - Time: 0.0041
2024-03-20 10:25:02,455 - main - DEBUG - Test acc: 0.9714
2024-03-20 10:25:02,455 - main - DEBUG - Time: 0.0042
2024-03-20 10:25:02,458 - main - INFO - accuracies: [0.9095, 0.9905, 0.9905, 0.9905, 0.9905, 0.9857, 0.9905, 0.9905]
2024-03-20 10:29:37,324 - main - DEBUG - Arguments: ['--winstep', '0.01', '--numcep', '6', '--nfilt', '26', '--nfft', '512', '--ceplifter', '22', '--no-concat', '--no-dynamic', '--label_file_path', './label_file.csv', '--test_size', '0.2', '--random_state', '42', '--fs', '1330', '--forward', '0.45', '--backward', '0.75']
2024-03-20 10:29:37,324 - main - INFO - numcep_param_test: [2, 4, 6, 8, 10, 12, 14, 16]
2024-03-20 10:29:37,324 - main - DEBUG - random_numbers:[49, 43, 30]
2024-03-20 10:29:40,582 - main - INFO - feat_num: 244
2024-03-20 10:29:44,069 - main - INFO - feat_num: 244
2024-03-20 10:29:47,549 - main - INFO - feat_num: 244
2024-03-20 10:29:47,837 - main - DEBUG - Test acc: 0.9000
2024-03-20 10:29:47,837 - main - DEBUG - Time: 3.9674
2024-03-20 10:29:51,067 - main - INFO - feat_num: 488
2024-03-20 10:29:54,556 - main - INFO - feat_num: 488
2024-03-20 10:29:58,086 - main - INFO - feat_num: 488
2024-03-20 10:29:58,379 - main - DEBUG - Test acc: 0.9857
2024-03-20 10:29:58,379 - main - DEBUG - Time: 3.8859
2024-03-20 10:30:01,628 - main - INFO - feat_num: 732
2024-03-20 10:30:05,107 - main - INFO - feat_num: 732
2024-03-20 10:30:08,672 - main - INFO - feat_num: 732
2024-03-20 10:30:08,962 - main - DEBUG - Test acc: 0.9714
2024-03-20 10:30:08,962 - main - DEBUG - Time: 3.8589
2024-03-20 10:30:12,213 - main - INFO - feat_num: 976
2024-03-20 10:30:15,726 - main - INFO - feat_num: 976
2024-03-20 10:30:19,306 - main - INFO - feat_num: 976
2024-03-20 10:30:19,637 - main - DEBUG - Test acc: 0.9714
2024-03-20 10:30:19,637 - main - DEBUG - Time: 4.0410
2024-03-20 10:30:22,825 - main - INFO - feat_num: 1220
2024-03-20 10:30:26,369 - main - INFO - feat_num: 1220
2024-03-20 10:30:29,960 - main - INFO - feat_num: 1220
2024-03-20 10:30:30,306 - main - DEBUG - Test acc: 0.9714
2024-03-20 10:30:30,306 - main - DEBUG - Time: 3.9388
2024-03-20 10:30:33,519 - main - INFO - feat_num: 1464
2024-03-20 10:30:37,093 - main - INFO - feat_num: 1464
2024-03-20 10:30:40,691 - main - INFO - feat_num: 1464
2024-03-20 10:30:41,058 - main - DEBUG - Test acc: 0.9714
2024-03-20 10:30:41,058 - main - DEBUG - Time: 4.0699
2024-03-20 10:30:44,259 - main - INFO - feat_num: 1708
2024-03-20 10:30:47,873 - main - INFO - feat_num: 1708
2024-03-20 10:30:51,493 - main - INFO - feat_num: 1708
2024-03-20 10:30:51,883 - main - DEBUG - Test acc: 0.9714
2024-03-20 10:30:51,883 - main - DEBUG - Time: 4.0882
2024-03-20 10:30:55,272 - main - INFO - feat_num: 1952
2024-03-20 10:30:58,880 - main - INFO - feat_num: 1952
2024-03-20 10:31:02,672 - main - INFO - feat_num: 1952
2024-03-20 10:31:03,079 - main - DEBUG - Test acc: 0.9714
2024-03-20 10:31:03,079 - main - DEBUG - Time: 4.0824
2024-03-20 10:31:03,082 - main - INFO - accuracies: [0.9095, 0.9905, 0.9905, 0.9905, 0.9905, 0.9857, 0.9905, 0.9905]
2024-03-20 10:31:03,083 - main - INFO - times: [3.9674282073974614, 3.885934466407413, 3.858945483253116, 4.040966715131487, 3.938773700169155, 4.069859640938895, 4.088242848714192, 4.082370939708891]
2024-03-20 10:46:48,336 - main - DEBUG - Arguments: ['--winstep', '0.01', '--numcep', '6', '--nfilt', '26', '--nfft', '512', '--ceplifter', '22', '--no-concat', '--no-dynamic', '--label_file_path', './label_file.csv', '--test_size', '0.2', '--random_state', '42', '--fs', '1330', '--forward', '0.45', '--backward', '0.75']
2024-03-20 10:47:02,074 - main - INFO - Predict scores: 0.9714285714285714
2024-03-20 10:50:01,483 - main - DEBUG - Arguments: ['--winstep', '0.01', '--numcep', '6', '--nfilt', '26', '--nfft', '512', '--ceplifter', '22', '--no-concat', '--no-dynamic', '--label_file_path', './label_file.csv', '--test_size', '0.2', '--random_state', '42', '--fs', '1330', '--forward', '0.45', '--backward', '0.75']
2024-03-20 10:50:04,759 - main - INFO - feat_num: 732
2024-03-20 10:50:08,355 - main - INFO - feat_num: 732
2024-03-20 10:50:11,891 - main - INFO - feat_num: 732
2024-03-20 10:51:12,541 - main - DEBUG - Arguments: ['--winstep', '0.01', '--numcep', '6', '--nfilt', '26', '--nfft', '512', '--ceplifter', '22', '--no-concat', '--no-dynamic', '--label_file_path', './label_file.csv', '--test_size', '0.2', '--random_state', '42', '--fs', '1330', '--forward', '0.45', '--backward', '0.75']
2024-03-20 10:51:23,067 - main - INFO - acc : (0.99048, 3.99653)
2024-03-20 10:51:46,492 - main - DEBUG - Arguments: ['--winstep', '0.01', '--numcep', '6', '--nfilt', '26', '--nfft', '512', '--ceplifter', '22', '--no-concat', '--no-dynamic', '--label_file_path', './label_file.csv', '--test_size', '0.2', '--random_state', '42', '--fs', '1330', '--forward', '0.45', '--backward', '0.75']
2024-03-20 10:51:57,294 - main - INFO - acc : (0.98571, 3.97035)
2024-03-20 11:01:08,934 - main - DEBUG - Arguments: ['--winstep', '0.01', '--numcep', '6', '--nfilt', '26', '--nfft', '512', '--ceplifter', '22', '--no-concat', '--no-dynamic', '--label_file_path', './label_file.csv', '--test_size', '0.2', '--random_state', '42', '--fs', '1330', '--forward', '0.45', '--backward', '0.75']
2024-03-20 11:01:08,934 - main - INFO - nfft_param_test: [128, 256, 512, 1024, 2048]
2024-03-20 11:01:08,935 - main - DEBUG - random_numbers:[49, 43, 30]
2024-03-20 11:02:11,284 - main - INFO - accuracies: [0.99048, 0.99048, 0.99048, 0.99048, 0.99048]
2024-03-20 11:02:11,285 - main - INFO - times: [1.49952, 2.51029, 4.00168, 6.32876, 14.77054]
2024-03-21 14:53:56,627 - main - DEBUG - Arguments: ['--winstep', '0.01', '--numcep', '6', '--nfilt', '26', '--nfft', '512', '--ceplifter', '22', '--no-concat', '--no-dynamic', '--label_file_path', './label_file.csv', '--test_size', '0.2', '--random_state', '42', '--fs', '1330', '--forward', '0.45', '--backward', '0.75']
2024-03-25 14:53:22,178 - main - DEBUG - Arguments: ['--winstep', '0.01', '--numcep', '13', '--nfilt', '26', '--nfft', '512', '--ceplifter', '22', '--no-concat', '--no-dynamic', '--label_file_path', './label_file.csv', '--test_size', '0.2', '--random_state', '42', '--fs', '1330', '--forward', '0.5', '--backward', '0.7']
2024-03-25 14:53:29,647 - main - DEBUG - Arguments: ['--winstep', '0.01', '--numcep', '13', '--nfilt', '26', '--nfft', '512', '--ceplifter', '22', '--no-concat', '--no-dynamic', '--label_file_path', './label_file.csv', '--test_size', '0.2', '--random_state', '42', '--fs', '1330', '--forward', '0.5', '--backward', '0.7']
2024-03-25 14:54:13,306 - main - DEBUG - Arguments: ['--winstep', '0.01', '--numcep', '13', '--nfilt', '26', '--nfft', '512', '--ceplifter', '22', '--no-concat', '--no-dynamic', '--label_file_path', './label_file.csv', '--test_size', '0.2', '--random_state', '42', '--fs', '1330', '--forward', '0.5', '--backward', '0.7']
2024-03-25 14:57:32,757 - main - DEBUG - Arguments: ['--winstep', '0.01', '--numcep', '13', '--nfilt', '26', '--nfft', '512', '--ceplifter', '22', '--no-concat', '--no-dynamic', '--label_file_path', './label_file.csv', '--test_size', '0.2', '--random_state', '42', '--fs', '1330', '--forward', '0.5', '--backward', '0.7']
2024-03-25 15:05:57,011 - main - DEBUG - Arguments: []
2024-03-25 15:13:42,553 - main - DEBUG - Arguments: []
2024-03-25 15:13:57,675 - main - INFO - acc : (0.97143, 6.60828)
2024-03-26 20:41:32,051 - main - INFO - forward_param_test: [0.1        0.14545455 0.19090909 0.23636364 0.28181818 0.32727273
 0.37272727 0.41818182 0.46363636 0.50909091 0.55454545 0.6       ]
2024-03-26 20:41:32,051 - main - DEBUG - random_numbers:[49, 43, 30]
2024-03-26 20:44:17,833 - main - INFO - accuracies: [0.98571, 0.99048, 0.98095, 0.97619, 0.98571, 0.98095, 0.97619, 0.98571, 0.99048, 0.97143, 0.98571, 0.99048]
2024-03-26 20:44:17,833 - main - INFO - times: [4.91735, 5.05852, 5.27838, 5.49554, 5.63657, 5.86397, 6.19821, 6.25198, 6.47614, 6.66744, 6.87642, 7.08518]
2024-03-26 20:47:10,635 - main - INFO - backward_param_test: [0.3 0.4 0.5 0.6 0.7 0.8 0.9 1.  1.1 1.2]
2024-03-26 20:47:10,635 - main - DEBUG - random_numbers:[49, 43, 30]
2024-03-26 20:49:40,365 - main - INFO - accuracies: [0.84286, 0.88571, 0.92381, 0.95714, 0.97143, 0.98095, 0.99524, 0.99524, 0.99524, 0.99524]
2024-03-26 20:49:40,365 - main - INFO - times: [4.9444, 5.49075, 5.74913, 6.19986, 6.72012, 7.07261, 7.49436, 7.93027, 8.45916, 8.96089]
2024-03-27 18:13:00,526 - main - INFO - backward_param_test: [0.3 0.4 0.5 0.6 0.7 0.8 0.9 1.  1.1 1.2]
2024-03-27 18:13:00,527 - main - DEBUG - random_numbers:[49, 43, 30]
2024-03-27 18:13:23,084 - main - DEBUG - Arguments: []
2024-03-27 18:13:38,158 - main - INFO - acc : (0.97143, 6.51587)
2024-03-27 19:31:22,822 - main - DEBUG - Arguments: ['--winstep', '0.01', '--numcep', '6', '--nfilt', '26', '--nfft', '512', '--ceplifter', '22', '--no-concat', '--no-dynamic', '--label_file_path', './label_file.csv', '--test_size', '0.2', '--random_state', '42', '--fs', '1330', '--forward', '0.45', '--backward', '0.75']
2024-03-27 19:31:36,575 - main - INFO - acc : (0.99048, 6.32544)
2024-03-27 19:33:20,479 - main - DEBUG - Arguments: ['--winstep', '0.01', '--numcep', '13', '--nfilt', '26', '--nfft', '512', '--ceplifter', '22', '--no-concat', '--no-dynamic', '--label_file_path', './label_file.csv', '--test_size', '0.2', '--random_state', '42', '--fs', '1330', '--forward', '0.45', '--backward', '0.75']
2024-03-27 19:33:35,762 - main - INFO - acc : (0.99048, 6.93891)
2024-03-27 19:36:53,903 - main - DEBUG - Arguments: ['--winstep', '0.01', '--numcep', '6', '--nfilt', '26', '--nfft', '512', '--ceplifter', '22', '--no-concat', '--no-dynamic', '--label_file_path', './label_file.csv', '--test_size', '0.2', '--random_state', '42', '--fs', '1330', '--forward', '0.45', '--backward', '0.75']
2024-03-27 19:37:16,556 - main - INFO - acc : (0.98571, 6.33229)
2024-03-27 19:38:42,527 - main - DEBUG - Arguments: ['--winstep', '0.01', '--numcep', '6', '--nfilt', '26', '--nfft', '512', '--ceplifter', '22', '--no-concat', '--no-dynamic', '--label_file_path', './label_file.csv', '--test_size', '0.2', '--random_state', '42', '--fs', '1330', '--forward', '0.45', '--backward', '0.75']
2024-03-27 19:38:56,323 - main - INFO - acc : (0.99048, 6.39469)
2024-03-27 19:44:06,254 - main - DEBUG - Arguments: ['--repeat_num', '10', '--winstep', '0.01', '--numcep', '6', '--nfilt', '26', '--nfft', '512', '--ceplifter', '22', '--no-concat', '--no-dynamic', '--label_file_path', './label_file.csv', '--test_size', '0.2', '--random_state', '42', '--fs', '1330', '--forward', '0.45', '--backward', '0.75']
2024-03-27 19:44:52,241 - main - INFO - acc : (0.98714, 6.40544)
2024-03-28 10:50:30,688 - main - DEBUG - Arguments: ['--repeat_num', '3', '--winstep', '0.01', '--numcep', '6', '--nfilt', '26', '--nfft', '512', '--ceplifter', '22', '--no-concat', '--no-dynamic', '--label_file_path', './label_file.csv', '--test_size', '0.2', '--random_state', '42', '--fs', '1330', '--forward', '0.45', '--backward', '0.8']
2024-03-28 10:50:45,097 - main - INFO - acc : (0.99048, 6.46348)
2024-03-28 10:59:20,718 - main - DEBUG - Arguments: ['--test_only', '--repeat_num', '3', '--winstep', '0.01', '--numcep', '13', '--nfilt', '26', '--nfft', '512', '--ceplifter', '22', '--no-concat', '--no-dynamic', '--label_file_path', './label_file2.csv', '--test_size', '0.2', '--random_state', '42', '--fs', '1330', '--forward', '0.45', '--backward', '0.8']
2024-03-28 10:59:25,411 - main - DEBUG - Arguments: ['--repeat_num', '3', '--winstep', '0.01', '--numcep', '13', '--nfilt', '26', '--nfft', '512', '--ceplifter', '22', '--no-concat', '--no-dynamic', '--label_file_path', './label_file.csv', '--test_size', '0.2', '--random_state', '42', '--fs', '1330', '--forward', '0.45', '--backward', '0.8']
2024-03-28 10:59:40,416 - main - INFO - acc : (0.98571, 6.88324)
2024-03-28 10:59:47,642 - main - DEBUG - Arguments: ['--test_only', '--repeat_num', '3', '--winstep', '0.01', '--numcep', '13', '--nfilt', '26', '--nfft', '512', '--ceplifter', '22', '--no-concat', '--no-dynamic', '--label_file_path', './label_file2.csv', '--test_size', '0.2', '--random_state', '42', '--fs', '1330', '--forward', '0.45', '--backward', '0.8']
2024-03-28 14:30:53,535 - main - DEBUG - Arguments: ['--test_only', '--repeat_num', '3', '--winstep', '0.01', '--numcep', '13', '--nfilt', '26', '--nfft', '512', '--ceplifter', '22', '--no-concat', '--no-dynamic', '--train_label_file', './label_file.csv', '--label_file_path', './label_file2.csv', '--test_size', '0.2', '--random_state', '42', '--fs', '1330', '--forward', '0.45', '--backward', '0.8']
2024-03-28 14:34:10,350 - main - DEBUG - Arguments: ['--repeat_num', '3', '--winstep', '0.01', '--numcep', '13', '--nfilt', '26', '--nfft', '512', '--ceplifter', '22', '--no-concat', '--no-dynamic', '--label_file_path', './label_file.csv', '--test_size', '0.2', '--random_state', '42', '--fs', '1330', '--forward', '0.45', '--backward', '0.8']
2024-03-28 14:34:25,346 - main - INFO - acc : (0.98571, 6.7431)
2024-03-28 14:35:21,940 - main - DEBUG - Arguments: ['--test_only', '--repeat_num', '3', '--winstep', '0.01', '--numcep', '13', '--nfilt', '26', '--nfft', '512', '--ceplifter', '22', '--no-concat', '--no-dynamic', '--train_label_file', './label_file.csv', '--label_file_path', './label_file2.csv', '--test_size', '0.2', '--random_state', '42', '--fs', '1330', '--forward', '0.45', '--backward', '0.8']
2024-03-28 14:40:45,269 - main - DEBUG - Arguments: ['--test_only', '--repeat_num', '3', '--winstep', '0.01', '--numcep', '13', '--nfilt', '26', '--nfft', '512', '--ceplifter', '22', '--no-concat', '--no-dynamic', '--train_label_file', './label_file.csv', '--label_file_path', './label_file2.csv', '--test_size', '0.2', '--random_state', '42', '--fs', '1330', '--forward', '0.45', '--backward', '0.8']
2024-03-28 14:41:15,126 - main - DEBUG - Arguments: ['--test_only', '--repeat_num', '3', '--winstep', '0.01', '--numcep', '13', '--nfilt', '26', '--nfft', '512', '--ceplifter', '22', '--no-concat', '--no-dynamic', '--train_label_file', './label_file.csv', '--label_file_path', './label_file2.csv', '--test_size', '0.2', '--random_state', '42', '--fs', '1330', '--forward', '0.45', '--backward', '0.8']
2024-03-28 14:41:26,509 - main - DEBUG - Arguments: ['--test_only', '--repeat_num', '3', '--winstep', '0.01', '--numcep', '13', '--nfilt', '26', '--nfft', '512', '--ceplifter', '22', '--no-concat', '--no-dynamic', '--train_label_file', './label_file.csv', '--label_file_path', './label_file2.csv', '--test_size', '0.2', '--random_state', '42', '--fs', '1330', '--forward', '0.45', '--backward', '0.8']
2024-03-28 14:43:44,056 - main - DEBUG - Arguments: ['--test_only', '--repeat_num', '3', '--winstep', '0.01', '--numcep', '13', '--nfilt', '26', '--nfft', '512', '--ceplifter', '22', '--no-concat', '--no-dynamic', '--train_label_file', './label_file.csv', '--label_file_path', './label_file2.csv', '--test_size', '0.2', '--random_state', '42', '--fs', '1330', '--forward', '0.45', '--backward', '0.8']
2024-03-28 14:44:13,789 - main - DEBUG - Arguments: ['--test_only', '--repeat_num', '3', '--winstep', '0.01', '--numcep', '13', '--nfilt', '26', '--nfft', '512', '--ceplifter', '22', '--no-concat', '--no-dynamic', '--train_label_file', './label_file.csv', '--label_file_path', './label_file2.csv', '--test_size', '0.2', '--random_state', '42', '--fs', '1330', '--forward', '0.45', '--backward', '0.8']
2024-03-28 14:44:23,229 - main - DEBUG - Arguments: ['--test_only', '--repeat_num', '3', '--winstep', '0.01', '--numcep', '13', '--nfilt', '26', '--nfft', '512', '--ceplifter', '22', '--no-concat', '--no-dynamic', '--train_label_file', './label_file.csv', '--label_file_path', './label_file2.csv', '--test_size', '0.2', '--random_state', '42', '--fs', '1330', '--forward', '0.45', '--backward', '0.8']
2024-03-28 14:44:33,515 - main - DEBUG - Arguments: ['--test_only', '--repeat_num', '3', '--winstep', '0.01', '--numcep', '13', '--nfilt', '26', '--nfft', '512', '--ceplifter', '22', '--no-concat', '--no-dynamic', '--train_label_file', './label_file.csv', '--label_file_path', './label_file2.csv', '--test_size', '0.2', '--random_state', '42', '--fs', '1330', '--forward', '0.45', '--backward', '0.8']
2024-03-28 14:44:46,076 - main - DEBUG - Arguments: ['--test_only', '--repeat_num', '3', '--winstep', '0.01', '--numcep', '13', '--nfilt', '26', '--nfft', '512', '--ceplifter', '22', '--no-concat', '--no-dynamic', '--train_label_file', './label_file.csv', '--label_file_path', './label_file2.csv', '--test_size', '0.2', '--random_state', '42', '--fs', '1330', '--forward', '0.45', '--backward', '0.8']
2024-03-28 14:46:28,524 - main - DEBUG - Arguments: ['--test_only', '--repeat_num', '3', '--winstep', '0.01', '--numcep', '13', '--nfilt', '26', '--nfft', '512', '--ceplifter', '22', '--no-concat', '--no-dynamic', '--train_label_file', './label_file.csv', '--label_file_path', './label_file2.csv', '--test_size', '0.2', '--random_state', '42', '--fs', '1330', '--forward', '0.45', '--backward', '0.8']
2024-03-28 14:46:41,338 - main - DEBUG - Arguments: ['--test_only', '--repeat_num', '3', '--winstep', '0.01', '--numcep', '13', '--nfilt', '26', '--nfft', '512', '--ceplifter', '22', '--no-concat', '--no-dynamic', '--train_label_file', './label_file.csv', '--label_file_path', './label_file2.csv', '--test_size', '0.2', '--random_state', '42', '--fs', '1330', '--forward', '0.45', '--backward', '0.8']
2024-03-28 14:52:48,664 - main - DEBUG - Arguments: ['--test_only', '--repeat_num', '3', '--winstep', '0.01', '--numcep', '13', '--nfilt', '26', '--nfft', '512', '--ceplifter', '22', '--no-concat', '--no-dynamic', '--train_label_file', './label_file.csv', '--label_file_path', './label_file2.csv', '--test_size', '0.2', '--random_state', '42', '--fs', '1330', '--forward', '0.45', '--backward', '0.8']
2024-03-28 14:54:01,329 - main - DEBUG - Arguments: ['--test_only', '--repeat_num', '3', '--winstep', '0.01', '--numcep', '13', '--nfilt', '26', '--nfft', '512', '--ceplifter', '22', '--no-concat', '--no-dynamic', '--train_label_file', './label_file.csv', '--label_file_path', './label_file2.csv', '--test_size', '0.2', '--random_state', '42', '--fs', '1330', '--forward', '0.45', '--backward', '0.8']
2024-03-28 14:54:33,289 - main - DEBUG - Arguments: ['--test_only', '--repeat_num', '3', '--winstep', '0.01', '--numcep', '13', '--nfilt', '26', '--nfft', '512', '--ceplifter', '22', '--no-concat', '--no-dynamic', '--train_label_file', './label_file.csv', '--label_file_path', './label_file2.csv', '--test_size', '0.2', '--random_state', '42', '--fs', '1330', '--forward', '0.45', '--backward', '0.8']
2024-03-28 14:54:59,987 - main - DEBUG - Arguments: ['--test_only', '--repeat_num', '3', '--winstep', '0.01', '--numcep', '13', '--nfilt', '26', '--nfft', '512', '--ceplifter', '22', '--no-concat', '--no-dynamic', '--train_label_file', './label_file.csv', '--label_file_path', './label_file2.csv', '--test_size', '0.2', '--random_state', '42', '--fs', '1330', '--forward', '0.45', '--backward', '0.8']
2024-03-28 14:55:24,264 - main - DEBUG - Arguments: ['--test_only', '--repeat_num', '3', '--winstep', '0.01', '--numcep', '13', '--nfilt', '26', '--nfft', '512', '--ceplifter', '22', '--no-concat', '--no-dynamic', '--train_label_file', './label_file.csv', '--label_file_path', './label_file2.csv', '--test_size', '0.2', '--random_state', '42', '--fs', '1330', '--forward', '0.45', '--backward', '0.8']
2024-03-28 14:55:44,388 - main - DEBUG - Arguments: ['--test_only', '--repeat_num', '3', '--winstep', '0.01', '--numcep', '13', '--nfilt', '26', '--nfft', '512', '--ceplifter', '22', '--no-concat', '--no-dynamic', '--train_label_file', './label_file.csv', '--label_file_path', './label_file2.csv', '--test_size', '0.2', '--random_state', '42', '--fs', '1330', '--forward', '0.45', '--backward', '0.8']
2024-03-28 14:56:29,993 - main - DEBUG - Arguments: ['--test_only', '--repeat_num', '3', '--winstep', '0.01', '--numcep', '13', '--nfilt', '26', '--nfft', '512', '--ceplifter', '22', '--no-concat', '--no-dynamic', '--train_label_file', './label_file.csv', '--label_file_path', './label_file2.csv', '--test_size', '0.2', '--random_state', '42', '--fs', '1330', '--forward', '0.45', '--backward', '0.8']
2024-03-28 14:57:11,634 - main - DEBUG - Arguments: ['--test_only', '--repeat_num', '3', '--winstep', '0.01', '--numcep', '13', '--nfilt', '26', '--nfft', '512', '--ceplifter', '22', '--no-concat', '--no-dynamic', '--train_label_file', './label_file.csv', '--label_file_path', './label_file2.csv', '--test_size', '0.2', '--random_state', '42', '--fs', '1330', '--forward', '0.45', '--backward', '0.8']
2024-03-28 14:58:18,467 - main - DEBUG - Arguments: ['--test_only', '--repeat_num', '3', '--winstep', '0.01', '--numcep', '13', '--nfilt', '26', '--nfft', '512', '--ceplifter', '22', '--no-concat', '--no-dynamic', '--train_label_file', './label_file.csv', '--label_file_path', './label_file2.csv', '--test_size', '0.2', '--random_state', '42', '--fs', '1330', '--forward', '0.45', '--backward', '0.8']
2024-03-28 14:59:00,529 - main - DEBUG - Arguments: ['--test_only', '--repeat_num', '3', '--winstep', '0.01', '--numcep', '13', '--nfilt', '26', '--nfft', '512', '--ceplifter', '22', '--no-concat', '--no-dynamic', '--train_label_file', './label_file.csv', '--label_file_path', './label_file2.csv', '--test_size', '0.2', '--random_state', '42', '--fs', '1330', '--forward', '0.45', '--backward', '0.8']
2024-03-28 14:59:43,350 - main - DEBUG - Arguments: ['--test_only', '--repeat_num', '3', '--winstep', '0.01', '--numcep', '13', '--nfilt', '26', '--nfft', '512', '--ceplifter', '22', '--no-concat', '--no-dynamic', '--train_label_file', './label_file.csv', '--label_file_path', './label_file2.csv', '--test_size', '0.2', '--random_state', '42', '--fs', '1330', '--forward', '0.45', '--backward', '0.8']
2024-03-28 15:00:24,128 - main - DEBUG - Arguments: ['--test_only', '--repeat_num', '3', '--winstep', '0.01', '--numcep', '13', '--nfilt', '26', '--nfft', '512', '--ceplifter', '22', '--no-concat', '--no-dynamic', '--train_label_file', './label_file.csv', '--label_file_path', './label_file2.csv', '--test_size', '0.2', '--random_state', '42', '--fs', '1330', '--forward', '0.45', '--backward', '0.8']
2024-03-28 15:00:37,805 - main - DEBUG - Arguments: ['--test_only', '--repeat_num', '3', '--winstep', '0.01', '--numcep', '13', '--nfilt', '26', '--nfft', '512', '--ceplifter', '22', '--no-concat', '--no-dynamic', '--train_label_file', './label_file.csv', '--label_file_path', './label_file2.csv', '--test_size', '0.2', '--random_state', '42', '--fs', '1330', '--forward', '0.45', '--backward', '0.8']
2024-03-28 15:01:02,232 - main - DEBUG - Arguments: ['--test_only', '--repeat_num', '3', '--winstep', '0.01', '--numcep', '13', '--nfilt', '26', '--nfft', '512', '--ceplifter', '22', '--no-concat', '--no-dynamic', '--train_label_file', './label_file.csv', '--label_file_path', './label_file2.csv', '--test_size', '0.2', '--random_state', '42', '--fs', '1330', '--forward', '0.45', '--backward', '0.8']
2024-03-28 15:01:20,218 - main - DEBUG - Arguments: ['--test_only', '--repeat_num', '3', '--winstep', '0.01', '--numcep', '13', '--nfilt', '26', '--nfft', '512', '--ceplifter', '22', '--no-concat', '--no-dynamic', '--train_label_file', './label_file.csv', '--label_file_path', './label_file2.csv', '--test_size', '0.2', '--random_state', '42', '--fs', '1330', '--forward', '0.45', '--backward', '0.8']
2024-03-28 15:01:33,206 - main - DEBUG - Arguments: ['--test_only', '--repeat_num', '3', '--winstep', '0.01', '--numcep', '13', '--nfilt', '26', '--nfft', '512', '--ceplifter', '22', '--no-concat', '--no-dynamic', '--train_label_file', './label_file.csv', '--label_file_path', './label_file2.csv', '--test_size', '0.2', '--random_state', '42', '--fs', '1330', '--forward', '0.45', '--backward', '0.8']
2024-03-28 15:01:51,190 - main - DEBUG - Arguments: ['--test_only', '--repeat_num', '3', '--winstep', '0.01', '--numcep', '13', '--nfilt', '26', '--nfft', '512', '--ceplifter', '22', '--no-concat', '--no-dynamic', '--train_label_file', './label_file.csv', '--label_file_path', './label_file2.csv', '--test_size', '0.2', '--random_state', '42', '--fs', '1330', '--forward', '0.45', '--backward', '0.8']
2024-03-28 15:02:37,551 - main - DEBUG - Arguments: ['--test_only', '--repeat_num', '3', '--winstep', '0.01', '--numcep', '13', '--nfilt', '26', '--nfft', '512', '--ceplifter', '22', '--no-concat', '--no-dynamic', '--train_label_file', './label_file.csv', '--label_file_path', './label_file2.csv', '--test_size', '0.2', '--random_state', '42', '--fs', '1330', '--forward', '0.45', '--backward', '0.8']
2024-03-28 15:02:52,601 - main - DEBUG - Arguments: ['--test_only', '--repeat_num', '3', '--winstep', '0.01', '--numcep', '13', '--nfilt', '26', '--nfft', '512', '--ceplifter', '22', '--no-concat', '--no-dynamic', '--train_label_file', './label_file.csv', '--label_file_path', './label_file2.csv', '--test_size', '0.2', '--random_state', '42', '--fs', '1330', '--forward', '0.45', '--backward', '0.8']
2024-03-28 15:03:06,076 - main - DEBUG - Arguments: ['--test_only', '--repeat_num', '3', '--winstep', '0.01', '--numcep', '13', '--nfilt', '26', '--nfft', '512', '--ceplifter', '22', '--no-concat', '--no-dynamic', '--train_label_file', './label_file.csv', '--label_file_path', './label_file2.csv', '--test_size', '0.2', '--random_state', '42', '--fs', '1330', '--forward', '0.45', '--backward', '0.8']
2024-03-28 15:03:21,081 - main - DEBUG - Arguments: ['--test_only', '--repeat_num', '3', '--winstep', '0.01', '--numcep', '13', '--nfilt', '26', '--nfft', '512', '--ceplifter', '22', '--no-concat', '--no-dynamic', '--train_label_file', './label_file.csv', '--label_file_path', './label_file2.csv', '--test_size', '0.2', '--random_state', '42', '--fs', '1330', '--forward', '0.45', '--backward', '0.8']
2024-03-28 15:03:41,603 - main - DEBUG - Arguments: ['--test_only', '--repeat_num', '3', '--winstep', '0.01', '--numcep', '13', '--nfilt', '26', '--nfft', '512', '--ceplifter', '22', '--no-concat', '--no-dynamic', '--train_label_file', './label_file.csv', '--label_file_path', './label_file2.csv', '--test_size', '0.2', '--random_state', '42', '--fs', '1330', '--forward', '0.45', '--backward', '0.8']
2024-03-28 15:04:03,444 - main - DEBUG - Arguments: ['--test_only', '--repeat_num', '3', '--winstep', '0.01', '--numcep', '13', '--nfilt', '26', '--nfft', '512', '--ceplifter', '22', '--no-concat', '--no-dynamic', '--train_label_file', './label_file.csv', '--label_file_path', './label_file2.csv', '--test_size', '0.2', '--random_state', '42', '--fs', '1330', '--forward', '0.45', '--backward', '0.8']
2024-03-28 15:04:13,433 - main - DEBUG - Arguments: ['--test_only', '--repeat_num', '3', '--winstep', '0.01', '--numcep', '13', '--nfilt', '26', '--nfft', '512', '--ceplifter', '22', '--no-concat', '--no-dynamic', '--train_label_file', './label_file.csv', '--label_file_path', './label_file2.csv', '--test_size', '0.2', '--random_state', '42', '--fs', '1330', '--forward', '0.45', '--backward', '0.8']
2024-03-28 15:04:26,526 - main - DEBUG - Arguments: ['--test_only', '--repeat_num', '3', '--winstep', '0.01', '--numcep', '13', '--nfilt', '26', '--nfft', '512', '--ceplifter', '22', '--no-concat', '--no-dynamic', '--train_label_file', './label_file.csv', '--label_file_path', './label_file2.csv', '--test_size', '0.2', '--random_state', '42', '--fs', '1330', '--forward', '0.45', '--backward', '0.8']
2024-03-28 15:04:52,930 - main - DEBUG - Arguments: ['--test_only', '--repeat_num', '3', '--winstep', '0.01', '--numcep', '13', '--nfilt', '26', '--nfft', '512', '--ceplifter', '22', '--no-concat', '--no-dynamic', '--train_label_file', './label_file.csv', '--label_file_path', './label_file2.csv', '--test_size', '0.2', '--random_state', '42', '--fs', '1330', '--forward', '0.45', '--backward', '0.8']
2024-03-28 15:05:05,376 - main - DEBUG - Arguments: ['--test_only', '--repeat_num', '3', '--winstep', '0.01', '--numcep', '13', '--nfilt', '26', '--nfft', '512', '--ceplifter', '22', '--no-concat', '--no-dynamic', '--train_label_file', './label_file.csv', '--label_file_path', './label_file2.csv', '--test_size', '0.2', '--random_state', '42', '--fs', '1330', '--forward', '0.45', '--backward', '0.8']
2024-03-28 15:05:15,843 - main - DEBUG - Arguments: ['--test_only', '--repeat_num', '3', '--winstep', '0.01', '--numcep', '13', '--nfilt', '26', '--nfft', '512', '--ceplifter', '22', '--no-concat', '--no-dynamic', '--train_label_file', './label_file.csv', '--label_file_path', './label_file2.csv', '--test_size', '0.2', '--random_state', '42', '--fs', '1330', '--forward', '0.45', '--backward', '0.8']
2024-03-28 15:05:19,886 - main - DEBUG - Arguments: ['--test_only', '--repeat_num', '3', '--winstep', '0.01', '--numcep', '13', '--nfilt', '26', '--nfft', '512', '--ceplifter', '22', '--no-concat', '--no-dynamic', '--train_label_file', './label_file.csv', '--label_file_path', './label_file2.csv', '--test_size', '0.2', '--random_state', '42', '--fs', '1330', '--forward', '0.45', '--backward', '0.8']
